//  Catapult University Version 2011a.126 (Production Release) Wed Aug  8 00:52:07 PDT 2012
//  
//  Copyright (c) Calypto Design Systems, Inc., 1996-2012, All Rights Reserved.
//                       UNPUBLISHED, LICENSED SOFTWARE.
//            CONFIDENTIAL AND PROPRIETARY INFORMATION WHICH IS THE
//          PROPERTY OF CALYPTO DESIGN SYSTEMS OR ITS LICENSORS
//  
//  Running on Windows 7 oh1015@EEWS104A-004 Service Pack 1 6.01.7601 i686
//  
//  Package information: SIFLIBS v17.0_1.1, HLS_PKGS v17.0_1.1, 
//                       DesignPad v2.78_0.0
//  
//  This version may only be used for academic purposes.  Some optimizations 
//  are disabled, so results obtained from this version may be sub-optimal.
//  
//  Start time Fri Mar 04 15:46:52 2016
# -------------------------------------------------
# Logging session transcript to file "C:\Users\oh1015\AppData\Local\Temp\log820023996c0.0"
# Loading options from registry.
# Warning: set_working_dir: Directory 'C:/Windows' not writable, using C:/Users/oh1015/AppData/Local/Temp
project load //icnas3.cc.ic.ac.uk/oh1015/COGiX/mouse_blur/Mouse_Blur/SIF/project.sif
# Moving session transcript to file "\\icnas3.cc.ic.ac.uk\oh1015\COGiX\mouse_blur\catapult.log"
quit -f
