-- Catapult University Version: Report                                              
-- ---------------------------- ---------------------------------------------------
-- Version:                     2011a.126 Production Release                        
-- Build Date:                  Wed Aug  8 00:52:07 PDT 2012                        
                                                                                    
-- Generated by:                oh1015@EEWS104A-004                                 
-- Generated date:              Fri Mar 11 16:42:05 +0000 2016                      

Solution Settings: mean_vga.v8
  Current state: schedule
  Project: Catapult
  
  Design Input Files Specified
    $PROJECT_HOME/../../../../catapult_proj/vga_blur/blur.h
      $MGC_HOME/shared/include/ac_int.h
    $PROJECT_HOME/../../../../catapult_proj/vga_blur/bmp_io.cpp
      $PROJECT_HOME/../../../../catapult_proj/vga_blur/bmp_io.h
    $PROJECT_HOME/../../../../catapult_proj/vga_blur/shift_class.h
    $PROJECT_HOME/../../../../catapult_proj/vga_blur/tb_blur.cpp
      $MGC_HOME/shared/include/mc_testbench.h
      $MGC_HOME/shared/include/mc_scverify.h
      $MGC_HOME/shared/include/ac_int.h
      $PROJECT_HOME/../../../../catapult_proj/vga_blur/blur.h
      $PROJECT_HOME/../../../../catapult_proj/vga_blur/bmp_io.h
    $PROJECT_HOME/../../../../catapult_proj/vga_blur/bmp_io.h
    $PROJECT_HOME/../../../../catapult_proj/vga_blur/blur.c
      $MGC_HOME/shared/include/ac_fixed.h
        $MGC_HOME/shared/include/ac_int.h
      $PROJECT_HOME/../../../../catapult_proj/vga_blur/blur.h
      $PROJECT_HOME/../../../../catapult_proj/vga_blur/shift_class.h
  
  Processes/Blocks in Design
    Process        Real Operation(s) count Latency Throughput Reset Length II Comments 
    -------------- ----------------------- ------- ---------- ------------ -- --------
    /mean_vga/core                     203      17         18            0  0          
    Design Total:                      203      17         18            0  0          
    
  Clock Information
    Clock Signal Edge   Period Sharing Alloc (%) Uncertainty Used by Processes/Blocks 
    ------------ ------ ------ ----------------- ----------- ------------------------
    clk          rising 20.000             20.00    0.000000 /mean_vga/core           
    
  I/O Data Ranges
    Port       Mode DeclType DeclWidth DeclRange ActType ActWidth ActRange 
    ---------- ---- -------- --------- --------- ------- -------- --------
    vin:rsc.z  IN   Unsigned       150                                     
    clk        IN   Unsigned         1                                     
    en         IN   Unsigned         1                                     
    arst_n     IN   Unsigned         1                                     
    vout:rsc.z OUT  Unsigned        30                                     
    
  Memory Resources
    Resource Name: /mean_vga/vin:rsc
      Memory Component: mgc_in_wire                  Size:         1 x 150
      External:         true                         Packing Mode: sidebyside
      Memory Map:
      Variable      Indices Phys Memory Address     
      ------------- ------- -----------------------
      /mean_vga/vin   0:149 00000000-00000000 (0-0) 
      
    Resource Name: /mean_vga/vout:rsc
      Memory Component: mgc_out_stdreg               Size:         1 x 30
      External:         true                         Packing Mode: sidebyside
      Memory Map:
      Variable       Indices Phys Memory Address     
      -------------- ------- -----------------------
      /mean_vga/vout    0:29 00000000-00000000 (0-0) 
      
  Multi-Cycle (Combinational) Component Usage
    Instance Component Name Delay 
    -------- -------------- -----
    
  Loops
    Process        Loop             Iterations C-Steps Total Cycles   Duration  Unroll Init Comments 
    -------------- ---------------- ---------- ------- ------------- ---------- ------ ---- --------
    /mean_vga/core core:rlp           Infinite       0           18  360.00 ns                       
    /mean_vga/core   main             Infinite       3           18  360.00 ns                       
    /mean_vga/core    SHIFT                  5       1            5  100.00 ns                       
    /mean_vga/core    ACC1                   5       2           10  200.00 ns                       
    
  Loop Execution Profile
    Process        Loop             Total Cycles % of Overall Design Cycles Throughput Cycles Comments 
    -------------- ---------------- ------------ -------------------------- ----------------- --------
    /mean_vga/core core:rlp                   0                        0.00               18           
    /mean_vga/core   main                     3                       16.67               18           
    /mean_vga/core    SHIFT                   5                       27.78                5           
    /mean_vga/core    ACC1                   10                       55.56               10           
    
  End of Report
